<?xml version="1.0" encoding="UTF-8"?>
<testsuites name="Mocha Tests" time="44.1220" tests="1" failures="0">
  <testsuite name="Root Suite" timestamp="2022-05-31T10:35:42" tests="0" file="cypress/integration/2-advanced-examples/Test9Framework.js" time="0.0000" failures="0">
  </testsuite>
  <testsuite name="My First Test Suit" timestamp="2022-05-31T10:35:42" tests="1" time="44.1040" failures="0">
    <testcase name="My First Test Suit My first Test case" time="42.0400" classname="My first Test case">
    </testcase>
  </testsuite>
</testsuites>