<?xml version="1.0" encoding="UTF-8"?>
<testsuites name="Mocha Tests" time="31.6910" tests="1" failures="0">
  <testsuite name="Root Suite" timestamp="2022-05-31T10:31:26" tests="0" file="cypress/integration/2-advanced-examples/PageObjectFrameWork.js" time="0.0000" failures="0">
  </testsuite>
  <testsuite name="My First Test Suit" timestamp="2022-05-31T10:31:26" tests="1" time="31.6660" failures="0">
    <testcase name="My First Test Suit My first Test case" time="29.2980" classname="My first Test case">
    </testcase>
  </testsuite>
</testsuites>