<?xml version="1.0" encoding="UTF-8"?>
<testsuites name="Mocha Tests" time="19.6570" tests="1" failures="0">
  <testsuite name="Root Suite" timestamp="2022-05-31T10:29:24" tests="0" file="cypress/integration/2-advanced-examples/Group2/Test4.js" time="0.0000" failures="0">
  </testsuite>
  <testsuite name="My First Test Suit" timestamp="2022-05-31T10:29:24" tests="1" time="19.6250" failures="0">
    <testcase name="My First Test Suit My first Test case" time="17.5270" classname="My first Test case">
    </testcase>
  </testsuite>
</testsuites>