<?xml version="1.0" encoding="UTF-8"?>
<testsuites name="Mocha Tests" time="48.9530" tests="1" failures="1">
  <testsuite name="Root Suite" timestamp="2022-05-31T10:34:37" tests="0" file="cypress/integration/2-advanced-examples/Test8Frame.js" time="0.0000" failures="0">
  </testsuite>
  <testsuite name="Frames-test" timestamp="2022-05-31T10:34:37" tests="1" time="48.9060" failures="1">
    <testcase name="Frames-test Demo example" time="24.9990" classname="Demo example">
      <failure message="Timed out retrying after 15000ms: Expected to find element: `h1[class*=&apos;pricing-title&apos;]`, but never found it. Queried from element: &lt;body&gt;" type="AssertionError"><![CDATA[AssertionError: Timed out retrying after 15000ms: Expected to find element: `h1[class*='pricing-title']`, but never found it. Queried from element: <body>
    at Context.eval (https://rahulshettyacademy.com/__cypress/tests?p=cypress\integration\2-advanced-examples\Test8Frame.js:108:52)]]></failure>
    </testcase>
  </testsuite>
</testsuites>