<?xml version="1.0" encoding="UTF-8"?>
<testsuites name="Mocha Tests" time="8.5750" tests="1" failures="0">
  <testsuite name="Root Suite" timestamp="2022-05-31T10:27:35" tests="0" file="cypress/integration/2-advanced-examples/GreenKart/Test1.js" time="0.0000" failures="0">
  </testsuite>
  <testsuite name="green cart1" timestamp="2022-05-31T10:27:35" tests="1" time="8.5500" failures="0">
    <testcase name="green cart1 My first Test case" time="5.9870" classname="My first Test case">
    </testcase>
  </testsuite>
</testsuites>