{
  "stats": {
    "suites": 1,
    "tests": 1,
    "passes": 1,
    "pending": 0,
    "failures": 0,
    "start": "2022-05-31T10:33:55.152Z",
    "end": "2022-05-31T10:34:04.108Z",
    "duration": 8956,
    "testsRegistered": 1,
    "passPercent": 100,
    "pendingPercent": 0,
    "other": 0,
    "hasOther": false,
    "skipped": 0,
    "hasSkipped": false
  },
  "results": [
    {
      "uuid": "ccaa0b9c-d91e-442e-ad5f-c84042f6980d",
      "title": "",
      "fullFile": "cypress/integration/2-advanced-examples/Test6.js",
      "file": "cypress/integration/2-advanced-examples/Test6.js",
      "beforeHooks": [],
      "afterHooks": [],
      "tests": [],
      "suites": [
        {
          "uuid": "f8beead3-3f38-4056-8b70-85d6c024e915",
          "title": "My First Test Suit",
          "fullFile": "",
          "file": "",
          "beforeHooks": [],
          "afterHooks": [],
          "tests": [
            {
              "title": "My first Test case",
              "fullTitle": "My First Test Suit My first Test case",
              "timedOut": null,
              "duration": 6384,
              "state": "passed",
              "speed": "medium",
              "pass": true,
              "fail": false,
              "pending": false,
              "context": null,
              "code": "cy.visit(\"https://rahulshettyacademy.com/AutomationPractice/\"); //First way to click hidden item\n//cy.get('div.mouse-hover-content').invoke('show')\n//cy.contains('Top').click()\n//cy.url().should('include','top')\n//Second way to click hidden item forcefully\ncy.contains('Top').click({\n  force: true\n}); //validate if URL contais top word in it\ncy.url().should('include', 'top');",
              "err": {},
              "uuid": "8438372a-f219-4197-beb2-2a13c2dd529e",
              "parentUUID": "f8beead3-3f38-4056-8b70-85d6c024e915",
              "isHook": false,
              "skipped": false
            }
          ],
          "suites": [],
          "passes": [
            "8438372a-f219-4197-beb2-2a13c2dd529e"
          ],
          "failures": [],
          "pending": [],
          "skipped": [],
          "duration": 6384,
          "root": false,
          "rootEmpty": false,
          "_timeout": 2000
        }
      ],
      "passes": [],
      "failures": [],
      "pending": [],
      "skipped": [],
      "duration": 0,
      "root": true,
      "rootEmpty": true,
      "_timeout": 2000
    }
  ],
  "meta": {
    "mocha": {
      "version": "7.0.1"
    },
    "mochawesome": {
      "options": {
        "quiet": false,
        "reportFilename": "mochawesome",
        "saveHtml": false,
        "saveJson": true,
        "consoleReporter": "spec",
        "useInlineDiffs": false,
        "code": true
      },
      "version": "7.1.3"
    },
    "marge": {
      "options": {
        "id": "default",
        "reportDir": "cypress/results/mochawesome",
        "quite": true,
        "overwrite": false,
        "html": false,
        "json": true
      },
      "version": "6.2.0"
    }
  }
}