{
  "stats": {
    "suites": 1,
    "tests": 1,
    "passes": 1,
    "pending": 0,
    "failures": 0,
    "start": "2022-05-31T10:29:24.618Z",
    "end": "2022-05-31T10:29:44.275Z",
    "duration": 19657,
    "testsRegistered": 1,
    "passPercent": 100,
    "pendingPercent": 0,
    "other": 0,
    "hasOther": false,
    "skipped": 0,
    "hasSkipped": false
  },
  "results": [
    {
      "uuid": "dc364aa7-2826-4443-a9e2-d56920e80b00",
      "title": "",
      "fullFile": "cypress/integration/2-advanced-examples/Group2/Test4.js",
      "file": "cypress/integration/2-advanced-examples/Group2/Test4.js",
      "beforeHooks": [],
      "afterHooks": [],
      "tests": [],
      "suites": [
        {
          "uuid": "a68bc4bb-6bf2-424d-a1b6-9a1daee292aa",
          "title": "My First Test Suit",
          "fullFile": "",
          "file": "",
          "beforeHooks": [],
          "afterHooks": [],
          "tests": [
            {
              "title": "My first Test case",
              "fullTitle": "My First Test Suit My first Test case",
              "timedOut": null,
              "duration": 17527,
              "state": "passed",
              "speed": "slow",
              "pass": true,
              "fail": false,
              "pending": false,
              "context": null,
              "code": "cy.visit(\"https://rahulshettyacademy.com/AutomationPractice/\"); //cy.get('#checkBoxOption1').click()\ncy.get('#alertbtn').click();\ncy.get('[value=\"Confirm\"]').click(); //Alert verification \ncy.on('window:alert', str => {\n  expect(str).to.equal('Hello , share this practice page and share your knowledge');\n}); //Confirm Alert verification\ncy.on('window:confirm', str => {\n  expect(str).to.equal('Hello , Are you sure you want to confirm?');\n});\ncy.get('#opentab').invoke('removeAttr', 'target').click(); //Validating the current URL\ncy.url().should('include', 'https://www.rahulshettyacademy.com/');\ncy.go('back'); //Validating the current URL\ncy.url().should('include', 'https://rahulshettyacademy.com/AutomationPractice/');",
              "err": {},
              "uuid": "1ba2e4b1-1a49-44c9-bec2-4c151e63de5a",
              "parentUUID": "a68bc4bb-6bf2-424d-a1b6-9a1daee292aa",
              "isHook": false,
              "skipped": false
            }
          ],
          "suites": [],
          "passes": [
            "1ba2e4b1-1a49-44c9-bec2-4c151e63de5a"
          ],
          "failures": [],
          "pending": [],
          "skipped": [],
          "duration": 17527,
          "root": false,
          "rootEmpty": false,
          "_timeout": 2000
        }
      ],
      "passes": [],
      "failures": [],
      "pending": [],
      "skipped": [],
      "duration": 0,
      "root": true,
      "rootEmpty": true,
      "_timeout": 2000
    }
  ],
  "meta": {
    "mocha": {
      "version": "7.0.1"
    },
    "mochawesome": {
      "options": {
        "quiet": false,
        "reportFilename": "mochawesome",
        "saveHtml": false,
        "saveJson": true,
        "consoleReporter": "spec",
        "useInlineDiffs": false,
        "code": true
      },
      "version": "7.1.3"
    },
    "marge": {
      "options": {
        "id": "default",
        "reportDir": "cypress/results/mochawesome",
        "quite": true,
        "overwrite": false,
        "html": false,
        "json": true
      },
      "version": "6.2.0"
    }
  }
}