{
  "stats": {
    "suites": 1,
    "tests": 1,
    "passes": 0,
    "pending": 0,
    "failures": 1,
    "start": "2022-05-31T10:34:37.483Z",
    "end": "2022-05-31T10:35:26.436Z",
    "duration": 48953,
    "testsRegistered": 1,
    "passPercent": 0,
    "pendingPercent": 0,
    "other": 0,
    "hasOther": false,
    "skipped": 0,
    "hasSkipped": false
  },
  "results": [
    {
      "uuid": "51b1e4fb-36dc-4192-9f0a-d3c73c3a0386",
      "title": "",
      "fullFile": "cypress/integration/2-advanced-examples/Test8Frame.js",
      "file": "cypress/integration/2-advanced-examples/Test8Frame.js",
      "beforeHooks": [],
      "afterHooks": [],
      "tests": [],
      "suites": [
        {
          "uuid": "fdb7773f-7544-46c4-97f1-d47d32812cd7",
          "title": "Frames-test",
          "fullFile": "",
          "file": "",
          "beforeHooks": [],
          "afterHooks": [],
          "tests": [
            {
              "title": "Demo example",
              "fullTitle": "Frames-test Demo example",
              "timedOut": null,
              "duration": 21046,
              "state": "failed",
              "speed": null,
              "pass": false,
              "fail": true,
              "pending": false,
              "context": null,
              "code": "cy.visit(\"https://rahulshettyacademy.com/AutomationPractice/\");\ncy.frameLoaded(\"#courses-iframe\");\ncy.iframe().find(\"a[href*='mentorship']\").eq(0).click();\ncy.iframe().find(\"h1[class*='pricing-title']\").should('have.length', 2);",
              "err": {
                "message": "AssertionError: Timed out retrying after 15000ms: Expected to find element: `h1[class*='pricing-title']`, but never found it. Queried from element: <body>",
                "estack": "AssertionError: Timed out retrying after 15000ms: Expected to find element: `h1[class*='pricing-title']`, but never found it. Queried from element: <body>\n    at Context.eval (https://rahulshettyacademy.com/__cypress/tests?p=cypress\\integration\\2-advanced-examples\\Test8Frame.js:108:52)",
                "diff": null
              },
              "uuid": "b8b70275-2493-40f0-95e8-12991a4e31e2",
              "parentUUID": "fdb7773f-7544-46c4-97f1-d47d32812cd7",
              "isHook": false,
              "skipped": false
            }
          ],
          "suites": [],
          "passes": [],
          "failures": [
            "b8b70275-2493-40f0-95e8-12991a4e31e2"
          ],
          "pending": [],
          "skipped": [],
          "duration": 21046,
          "root": false,
          "rootEmpty": false,
          "_timeout": 2000
        }
      ],
      "passes": [],
      "failures": [],
      "pending": [],
      "skipped": [],
      "duration": 0,
      "root": true,
      "rootEmpty": true,
      "_timeout": 2000
    }
  ],
  "meta": {
    "mocha": {
      "version": "7.0.1"
    },
    "mochawesome": {
      "options": {
        "quiet": false,
        "reportFilename": "mochawesome",
        "saveHtml": false,
        "saveJson": true,
        "consoleReporter": "spec",
        "useInlineDiffs": false,
        "code": true
      },
      "version": "7.1.3"
    },
    "marge": {
      "options": {
        "id": "default",
        "reportDir": "cypress/results/mochawesome",
        "quite": true,
        "overwrite": false,
        "html": false,
        "json": true
      },
      "version": "6.2.0"
    }
  }
}