{
  "stats": {
    "suites": 1,
    "tests": 1,
    "passes": 1,
    "pending": 0,
    "failures": 0,
    "start": "2022-05-31T10:33:14.499Z",
    "end": "2022-05-31T10:33:26.834Z",
    "duration": 12335,
    "testsRegistered": 1,
    "passPercent": 100,
    "pendingPercent": 0,
    "other": 0,
    "hasOther": false,
    "skipped": 0,
    "hasSkipped": false
  },
  "results": [
    {
      "uuid": "91e37333-965b-4c5a-be66-6f61ed182182",
      "title": "",
      "fullFile": "cypress/integration/2-advanced-examples/Test4.js",
      "file": "cypress/integration/2-advanced-examples/Test4.js",
      "beforeHooks": [],
      "afterHooks": [],
      "tests": [],
      "suites": [
        {
          "uuid": "887d3136-76f5-4288-a9b4-e730541b13d3",
          "title": "My First Test Suit",
          "fullFile": "",
          "file": "",
          "beforeHooks": [],
          "afterHooks": [],
          "tests": [
            {
              "title": "My first Test case",
              "fullTitle": "My First Test Suit My first Test case",
              "timedOut": null,
              "duration": 10137,
              "state": "passed",
              "speed": "slow",
              "pass": true,
              "fail": false,
              "pending": false,
              "context": null,
              "code": "cy.visit(\"https://rahulshettyacademy.com/AutomationPractice/\"); //cy.get('#checkBoxOption1').click()\ncy.get('#alertbtn').click();\ncy.get('[value=\"Confirm\"]').click(); //Alert verification \ncy.on('window:alert', str => {\n  expect(str).to.equal('Hello , share this practice page and share your knowledge');\n}); //Confirm Alert verification\ncy.on('window:confirm', str => {\n  expect(str).to.equal('Hello , Are you sure you want to confirm?');\n});\ncy.get('#opentab').invoke('removeAttr', 'target').click(); //Validating the current URL\ncy.url().should('include', 'https://www.rahulshettyacademy.com/');\ncy.go('back'); //Validating the current URL\ncy.url().should('include', 'https://rahulshettyacademy.com/AutomationPractice/');",
              "err": {},
              "uuid": "f9a75506-52ac-453f-99bd-bee12009b983",
              "parentUUID": "887d3136-76f5-4288-a9b4-e730541b13d3",
              "isHook": false,
              "skipped": false
            }
          ],
          "suites": [],
          "passes": [
            "f9a75506-52ac-453f-99bd-bee12009b983"
          ],
          "failures": [],
          "pending": [],
          "skipped": [],
          "duration": 10137,
          "root": false,
          "rootEmpty": false,
          "_timeout": 2000
        }
      ],
      "passes": [],
      "failures": [],
      "pending": [],
      "skipped": [],
      "duration": 0,
      "root": true,
      "rootEmpty": true,
      "_timeout": 2000
    }
  ],
  "meta": {
    "mocha": {
      "version": "7.0.1"
    },
    "mochawesome": {
      "options": {
        "quiet": false,
        "reportFilename": "mochawesome",
        "saveHtml": false,
        "saveJson": true,
        "consoleReporter": "spec",
        "useInlineDiffs": false,
        "code": true
      },
      "version": "7.1.3"
    },
    "marge": {
      "options": {
        "id": "default",
        "reportDir": "cypress/results/mochawesome",
        "quite": true,
        "overwrite": false,
        "html": false,
        "json": true
      },
      "version": "6.2.0"
    }
  }
}