{
  "stats": {
    "suites": 1,
    "tests": 1,
    "passes": 1,
    "pending": 0,
    "failures": 0,
    "start": "2022-05-31T10:31:26.006Z",
    "end": "2022-05-31T10:31:57.697Z",
    "duration": 31691,
    "testsRegistered": 1,
    "passPercent": 100,
    "pendingPercent": 0,
    "other": 0,
    "hasOther": false,
    "skipped": 0,
    "hasSkipped": false
  },
  "results": [
    {
      "uuid": "49c415d8-ad93-44c3-9a8c-eb924b42b60f",
      "title": "",
      "fullFile": "cypress/integration/2-advanced-examples/PageObjectFrameWork.js",
      "file": "cypress/integration/2-advanced-examples/PageObjectFrameWork.js",
      "beforeHooks": [],
      "afterHooks": [],
      "tests": [],
      "suites": [
        {
          "uuid": "933568c1-2d17-45d3-b6bf-633b5bc27a61",
          "title": "My First Test Suit",
          "fullFile": "",
          "file": "",
          "beforeHooks": [],
          "afterHooks": [],
          "tests": [
            {
              "title": "My first Test case",
              "fullTitle": "My First Test Suit My first Test case",
              "timedOut": null,
              "duration": 29298,
              "state": "passed",
              "speed": "slow",
              "pass": true,
              "fail": false,
              "pending": false,
              "context": null,
              "code": "const homePage = new _HomePage.default();\ncy.visit(\"https://rahulshettyacademy.com/angularpractice/\");\nhomePage.getEditBox().type(this.data.name);\nhomePage.getGender().select(this.data.gender); //cy.get('select').select(\"Female\")\nhomePage.getTwoWayDataBinding().should('have.value', this.data.name);\nhomePage.getEditBox().should('have.attr', 'minlength', 2);\nhomePage.getInterprenure().should('be.disabled');\nhomePage.getShopTab().click(); //cy.pause()\nthis.data.productName;\nthis.data.productName.forEach(element => cy.selectProduct(element)); //cy.selectProduct('Nokia Edge')",
              "err": {},
              "uuid": "6e0fddd5-a731-4814-9317-a43eab3d0efe",
              "parentUUID": "933568c1-2d17-45d3-b6bf-633b5bc27a61",
              "isHook": false,
              "skipped": false
            }
          ],
          "suites": [],
          "passes": [
            "6e0fddd5-a731-4814-9317-a43eab3d0efe"
          ],
          "failures": [],
          "pending": [],
          "skipped": [],
          "duration": 29298,
          "root": false,
          "rootEmpty": false,
          "_timeout": 2000
        }
      ],
      "passes": [],
      "failures": [],
      "pending": [],
      "skipped": [],
      "duration": 0,
      "root": true,
      "rootEmpty": true,
      "_timeout": 2000
    }
  ],
  "meta": {
    "mocha": {
      "version": "7.0.1"
    },
    "mochawesome": {
      "options": {
        "quiet": false,
        "reportFilename": "mochawesome",
        "saveHtml": false,
        "saveJson": true,
        "consoleReporter": "spec",
        "useInlineDiffs": false,
        "code": true
      },
      "version": "7.1.3"
    },
    "marge": {
      "options": {
        "id": "default",
        "reportDir": "cypress/results/mochawesome",
        "quite": true,
        "overwrite": false,
        "html": false,
        "json": true
      },
      "version": "6.2.0"
    }
  }
}