{
  "stats": {
    "suites": 1,
    "tests": 1,
    "passes": 1,
    "pending": 0,
    "failures": 0,
    "start": "2022-05-31T10:35:42.721Z",
    "end": "2022-05-31T10:36:26.843Z",
    "duration": 44122,
    "testsRegistered": 1,
    "passPercent": 100,
    "pendingPercent": 0,
    "other": 0,
    "hasOther": false,
    "skipped": 0,
    "hasSkipped": false
  },
  "results": [
    {
      "uuid": "f228a2f1-1dcf-4de6-b850-64c08ccca4fa",
      "title": "",
      "fullFile": "cypress/integration/2-advanced-examples/Test9Framework.js",
      "file": "cypress/integration/2-advanced-examples/Test9Framework.js",
      "beforeHooks": [],
      "afterHooks": [],
      "tests": [],
      "suites": [
        {
          "uuid": "4fd57a2f-b9b0-48c0-878b-a8f69451c534",
          "title": "My First Test Suit",
          "fullFile": "",
          "file": "",
          "beforeHooks": [],
          "afterHooks": [],
          "tests": [
            {
              "title": "My first Test case",
              "fullTitle": "My First Test Suit My first Test case",
              "timedOut": null,
              "duration": 42040,
              "state": "passed",
              "speed": "slow",
              "pass": true,
              "fail": false,
              "pending": false,
              "context": null,
              "code": "cy.visit(\"https://rahulshettyacademy.com/angularpractice/\");\ncy.get(':nth-child(1) > .form-control').type(this.data.name); //cy.get('form input.from-control:nth-child(1)').type(this.data.name)\ncy.get('select').select(this.data.gender); //cy.get('select').select(\"Female\")\ncy.get(':nth-child(4) > .ng-untouched').should('have.value', this.data.name);\ncy.get('input[name=\"name\"]:nth-child(2)').should('have.attr', 'minlength', 2);\ncy.get('#inlineRadio3').should('be.disabled');\ncy.get(':nth-child(2) > .nav-link').click(); //cy.pause()\nthis.data.productName;\nthis.data.productName.forEach(element => cy.selectProduct(element));\ncy.get('#navbarResponsive > .navbar-nav > .nav-item > .nav-link').click();\ncy.contains('Checkout').click();\ncy.get('#country').type('India');\ncy.get('.suggestions > ul > li > a').click(); // cy.get('#navbarResponsive > .navbar-nav > .nav-item > .nav-link').click()\n//cy.selectProduct('Nokia Edge')\ncy.get('#checkbox2').check({\n  force: true\n});\ncy.get('input[type=\"submit\"]').click(); //cy.get('.alert').should('have.text', 'Success! Thank you! Your order will be delivered in next few weeks :-).')\ncy.get('.alert').then(function (element) {\n  const actualText = element.text(); //if(actualText.includes(\"Success\"))\n  expect(actualText.includes(\"Success\")).to.be.true;\n});",
              "err": {},
              "uuid": "8eac1e68-ac3d-4971-9ab3-a126fecc50f0",
              "parentUUID": "4fd57a2f-b9b0-48c0-878b-a8f69451c534",
              "isHook": false,
              "skipped": false
            }
          ],
          "suites": [],
          "passes": [
            "8eac1e68-ac3d-4971-9ab3-a126fecc50f0"
          ],
          "failures": [],
          "pending": [],
          "skipped": [],
          "duration": 42040,
          "root": false,
          "rootEmpty": false,
          "_timeout": 2000
        }
      ],
      "passes": [],
      "failures": [],
      "pending": [],
      "skipped": [],
      "duration": 0,
      "root": true,
      "rootEmpty": true,
      "_timeout": 2000
    }
  ],
  "meta": {
    "mocha": {
      "version": "7.0.1"
    },
    "mochawesome": {
      "options": {
        "quiet": false,
        "reportFilename": "mochawesome",
        "saveHtml": false,
        "saveJson": true,
        "consoleReporter": "spec",
        "useInlineDiffs": false,
        "code": true
      },
      "version": "7.1.3"
    },
    "marge": {
      "options": {
        "id": "default",
        "reportDir": "cypress/results/mochawesome",
        "quite": true,
        "overwrite": false,
        "html": false,
        "json": true
      },
      "version": "6.2.0"
    }
  }
}