{
  "stats": {
    "suites": 1,
    "tests": 1,
    "passes": 1,
    "pending": 0,
    "failures": 0,
    "start": "2022-05-31T10:33:37.582Z",
    "end": "2022-05-31T10:33:45.830Z",
    "duration": 8248,
    "testsRegistered": 1,
    "passPercent": 100,
    "pendingPercent": 0,
    "other": 0,
    "hasOther": false,
    "skipped": 0,
    "hasSkipped": false
  },
  "results": [
    {
      "uuid": "278a92e3-0727-49e6-8cf4-7b0bf11b0e99",
      "title": "",
      "fullFile": "cypress/integration/2-advanced-examples/Test5.js",
      "file": "cypress/integration/2-advanced-examples/Test5.js",
      "beforeHooks": [],
      "afterHooks": [],
      "tests": [],
      "suites": [
        {
          "uuid": "52b69d8f-713b-48d0-9fda-a1762853a9f7",
          "title": "My First Test Suit",
          "fullFile": "",
          "file": "",
          "beforeHooks": [],
          "afterHooks": [],
          "tests": [
            {
              "title": "My first Test case",
              "fullTitle": "My First Test Suit My first Test case",
              "timedOut": null,
              "duration": 6314,
              "state": "passed",
              "speed": "medium",
              "pass": true,
              "fail": false,
              "pending": false,
              "context": null,
              "code": "cy.visit(\"https://rahulshettyacademy.com/AutomationPractice/\");\ncy.get('tr td:nth-child(2)').each(($e1, index, $list) => {\n  const text = $e1.text();\n  if (text.includes(\"Python\")) {\n    cy.get('tr td:nth-child(2)').eq(index).next().then(function (price) {\n      const pricetext = price.text();\n      expect(pricetext).to.equal('25');\n    });\n  }\n});",
              "err": {},
              "uuid": "17f51c98-d431-4b9a-ba7c-9a37711c29f4",
              "parentUUID": "52b69d8f-713b-48d0-9fda-a1762853a9f7",
              "isHook": false,
              "skipped": false
            }
          ],
          "suites": [],
          "passes": [
            "17f51c98-d431-4b9a-ba7c-9a37711c29f4"
          ],
          "failures": [],
          "pending": [],
          "skipped": [],
          "duration": 6314,
          "root": false,
          "rootEmpty": false,
          "_timeout": 2000
        }
      ],
      "passes": [],
      "failures": [],
      "pending": [],
      "skipped": [],
      "duration": 0,
      "root": true,
      "rootEmpty": true,
      "_timeout": 2000
    }
  ],
  "meta": {
    "mocha": {
      "version": "7.0.1"
    },
    "mochawesome": {
      "options": {
        "quiet": false,
        "reportFilename": "mochawesome",
        "saveHtml": false,
        "saveJson": true,
        "consoleReporter": "spec",
        "useInlineDiffs": false,
        "code": true
      },
      "version": "7.1.3"
    },
    "marge": {
      "options": {
        "id": "default",
        "reportDir": "cypress/results/mochawesome",
        "quite": true,
        "overwrite": false,
        "html": false,
        "json": true
      },
      "version": "6.2.0"
    }
  }
}