{
  "stats": {
    "suites": 1,
    "tests": 1,
    "passes": 1,
    "pending": 0,
    "failures": 0,
    "start": "2022-05-31T10:27:35.925Z",
    "end": "2022-05-31T10:27:44.500Z",
    "duration": 8575,
    "testsRegistered": 1,
    "passPercent": 100,
    "pendingPercent": 0,
    "other": 0,
    "hasOther": false,
    "skipped": 0,
    "hasSkipped": false
  },
  "results": [
    {
      "uuid": "07674ef8-f143-4b62-a7cd-0d79bfa1949a",
      "title": "",
      "fullFile": "cypress/integration/2-advanced-examples/GreenKart/Test1.js",
      "file": "cypress/integration/2-advanced-examples/GreenKart/Test1.js",
      "beforeHooks": [],
      "afterHooks": [],
      "tests": [],
      "suites": [
        {
          "uuid": "f647e830-20c5-49c5-9cea-2841cfc6b317",
          "title": "green cart1",
          "fullFile": "",
          "file": "",
          "beforeHooks": [],
          "afterHooks": [],
          "tests": [
            {
              "title": "My first Test case",
              "fullTitle": "green cart1 My first Test case",
              "timedOut": null,
              "duration": 5987,
              "state": "passed",
              "speed": "medium",
              "pass": true,
              "fail": false,
              "pending": false,
              "context": null,
              "code": "cy.visit(\"https://rahulshettyacademy.com/seleniumPractise/#/\");\ncy.get('.search-keyword').type('ca');\ncy.wait(2000); //cy.get('.product:visible').should('have.length', 4)\ncy.get('.product').should('have.length', 5);\ncy.get('.products').find('.product').should('have.length', 4);\ncy.get('.products').find('.product').eq(1).contains('ADD TO CART').click(); //Way to give an Alias name\ncy.get('.products').as('productLocator'); //Now using the Aliyas Name as @AliyasName\ncy.get('@productLocator').find('.product').each(($e1, index, $list) => {\n  const vegText = $e1.find('h4.product-name').text();\n  if (vegText.includes('Cashews')) {\n    //$e1.contains('ADD TO CART').click()\n    cy.wrap($e1).find('button').click(); //cy.wrap($e1).find(contains('ADD TO CART')).click\n  }\n  cy.get('.brand').then(function (logoelement) {\n    cy.log(logoelement.text());\n  });\n}); //Assert if logo element is appearing\ncy.get('.brand').should('have.text', 'GREENKART');\ncy.log(\"Code Reached===============\");\nconsole.log(\"printing in developer tab, console tab\");",
              "err": {},
              "uuid": "bc6b8782-b0a5-4a78-93a7-29f09558d3d4",
              "parentUUID": "f647e830-20c5-49c5-9cea-2841cfc6b317",
              "isHook": false,
              "skipped": false
            }
          ],
          "suites": [],
          "passes": [
            "bc6b8782-b0a5-4a78-93a7-29f09558d3d4"
          ],
          "failures": [],
          "pending": [],
          "skipped": [],
          "duration": 5987,
          "root": false,
          "rootEmpty": false,
          "_timeout": 2000
        }
      ],
      "passes": [],
      "failures": [],
      "pending": [],
      "skipped": [],
      "duration": 0,
      "root": true,
      "rootEmpty": true,
      "_timeout": 2000
    }
  ],
  "meta": {
    "mocha": {
      "version": "7.0.1"
    },
    "mochawesome": {
      "options": {
        "quiet": false,
        "reportFilename": "mochawesome",
        "saveHtml": false,
        "saveJson": true,
        "consoleReporter": "spec",
        "useInlineDiffs": false,
        "code": true
      },
      "version": "7.1.3"
    },
    "marge": {
      "options": {
        "id": "default",
        "reportDir": "cypress/results/mochawesome",
        "quite": true,
        "overwrite": false,
        "html": false,
        "json": true
      },
      "version": "6.2.0"
    }
  }
}